<?xml version="1.0" encoding="UTF-8"?>
<coverage generated="1785203730604" clover="3.2.0">
  <project timestamp="1785203730604" name="All files">
    <metrics statements="27" coveredstatements="24" conditionals="28" coveredconditionals="26" methods="6" coveredmethods="1" elements="61" coveredelements="51" complexity="0" loc="27" ncloc="27" packages="1" files="1" classes="1"/>
    <file name="server.js" path="/home/bobbycheng/cloudeats-app/services/menu-service/src/server.js">
      <metrics statements="27" coveredstatements="24" conditionals="28" coveredconditionals="26" methods="6" coveredmethods="1"/>
      <line num="1" count="1" type="stmt"/>
      <line num="2" count="1" type="stmt"/>
      <line num="3" count="1" type="stmt"/>
      <line num="5" count="1" type="stmt"/>
      <line num="6" count="1" type="stmt"/>
      <line num="7" count="1" type="stmt"/>
      <line num="10" count="13" type="cond" truecount="4" falsecount="0"/>
      <line num="11" count="2" type="stmt"/>
      <line num="14" count="11" type="cond" truecount="4" falsecount="0"/>
      <line num="15" count="1" type="stmt"/>
      <line num="18" count="10" type="cond" truecount="2" falsecount="0"/>
      <line num="19" count="1" type="stmt"/>
      <line num="22" count="9" type="cond" truecount="4" falsecount="0"/>
      <line num="23" count="4" type="stmt"/>
      <line num="26" count="5" type="stmt"/>
      <line num="29" count="1" type="stmt"/>
      <line num="30" count="0" type="stmt"/>
      <line num="33" count="1" type="stmt"/>
      <line num="41" count="1" type="stmt"/>
      <line num="44" count="1" type="stmt"/>
      <line num="47" count="1" type="stmt"/>
      <line num="51" count="1" type="cond" truecount="2" falsecount="0"/>
      <line num="52" count="1" type="cond" truecount="1" falsecount="1"/>
      <line num="53" count="0" type="stmt"/>
      <line num="54" count="0" type="stmt"/>
      <line num="61" count="1" type="cond" truecount="1" falsecount="1"/>
      <line num="62" count="1" type="stmt"/>
    </file>
  </project>
</coverage>
