{"/home/bobbycheng/cloudeats-app/services/menu-service/src/server.js": {"path":"/home/bobbycheng/cloudeats-app/services/menu-service/src/server.js","statementMap":{"0":{"start":{"line":1,"column":16},"end":{"line":1,"column":34}},"1":{"start":{"line":2,"column":16},"end":{"line":2,"column":41}},"2":{"start":{"line":3,"column":16},"end":{"line":3,"column":31}},"3":{"start":{"line":5,"column":12},"end":{"line":5,"column":21}},"4":{"start":{"line":6,"column":0},"end":{"line":6,"column":16}},"5":{"start":{"line":7,"column":0},"end":{"line":7,"column":24}},"6":{"start":{"line":10,"column":2},"end":{"line":12,"column":3}},"7":{"start":{"line":11,"column":4},"end":{"line":11,"column":57}},"8":{"start":{"line":14,"column":2},"end":{"line":16,"column":3}},"9":{"start":{"line":15,"column":4},"end":{"line":15,"column":62}},"10":{"start":{"line":18,"column":2},"end":{"line":20,"column":3}},"11":{"start":{"line":19,"column":4},"end":{"line":19,"column":68}},"12":{"start":{"line":22,"column":2},"end":{"line":24,"column":3}},"13":{"start":{"line":23,"column":4},"end":{"line":23,"column":69}},"14":{"start":{"line":26,"column":2},"end":{"line":26,"column":25}},"15":{"start":{"line":29,"column":0},"end":{"line":31,"column":2}},"16":{"start":{"line":30,"column":2},"end":{"line":30,"column":65}},"17":{"start":{"line":33,"column":11},"end":{"line":38,"column":2}},"18":{"start":{"line":41,"column":0},"end":{"line":43,"column":3}},"19":{"start":{"line":44,"column":0},"end":{"line":46,"column":3}},"20":{"start":{"line":47,"column":0},"end":{"line":49,"column":3}},"21":{"start":{"line":51,"column":13},"end":{"line":51,"column":37}},"22":{"start":{"line":52,"column":0},"end":{"line":56,"column":1}},"23":{"start":{"line":53,"column":2},"end":{"line":55,"column":4}},"24":{"start":{"line":54,"column":4},"end":{"line":54,"column":69}},"25":{"start":{"line":61,"column":0},"end":{"line":63,"column":1}},"26":{"start":{"line":62,"column":2},"end":{"line":62,"column":43}}},"fnMap":{"0":{"name":"validateRating","decl":{"start":{"line":9,"column":9},"end":{"line":9,"column":23}},"loc":{"start":{"line":9,"column":32},"end":{"line":27,"column":1}},"line":9},"1":{"name":"(anonymous_1)","decl":{"start":{"line":29,"column":19},"end":{"line":29,"column":20}},"loc":{"start":{"line":30,"column":2},"end":{"line":30,"column":65}},"line":30},"2":{"name":"(anonymous_2)","decl":{"start":{"line":41,"column":21},"end":{"line":41,"column":22}},"loc":{"start":{"line":41,"column":41},"end":{"line":43,"column":1}},"line":41},"3":{"name":"(anonymous_3)","decl":{"start":{"line":44,"column":25},"end":{"line":44,"column":26}},"loc":{"start":{"line":44,"column":45},"end":{"line":46,"column":1}},"line":44},"4":{"name":"(anonymous_4)","decl":{"start":{"line":47,"column":35},"end":{"line":47,"column":36}},"loc":{"start":{"line":47,"column":55},"end":{"line":49,"column":1}},"line":47},"5":{"name":"(anonymous_5)","decl":{"start":{"line":53,"column":19},"end":{"line":53,"column":20}},"loc":{"start":{"line":54,"column":4},"end":{"line":54,"column":69}},"line":54}},"branchMap":{"0":{"loc":{"start":{"line":10,"column":2},"end":{"line":12,"column":3}},"type":"if","locations":[{"start":{"line":10,"column":2},"end":{"line":12,"column":3}},{"start":{},"end":{}}],"line":10},"1":{"loc":{"start":{"line":10,"column":6},"end":{"line":10,"column":45}},"type":"binary-expr","locations":[{"start":{"line":10,"column":6},"end":{"line":10,"column":26}},{"start":{"line":10,"column":30},"end":{"line":10,"column":45}}],"line":10},"2":{"loc":{"start":{"line":14,"column":2},"end":{"line":16,"column":3}},"type":"if","locations":[{"start":{"line":14,"column":2},"end":{"line":16,"column":3}},{"start":{},"end":{}}],"line":14},"3":{"loc":{"start":{"line":14,"column":6},"end":{"line":14,"column":56}},"type":"binary-expr","locations":[{"start":{"line":14,"column":6},"end":{"line":14,"column":32}},{"start":{"line":14,"column":36},"end":{"line":14,"column":56}}],"line":14},"4":{"loc":{"start":{"line":18,"column":2},"end":{"line":20,"column":3}},"type":"if","locations":[{"start":{"line":18,"column":2},"end":{"line":20,"column":3}},{"start":{},"end":{}}],"line":18},"5":{"loc":{"start":{"line":22,"column":2},"end":{"line":24,"column":3}},"type":"if","locations":[{"start":{"line":22,"column":2},"end":{"line":24,"column":3}},{"start":{},"end":{}}],"line":22},"6":{"loc":{"start":{"line":22,"column":6},"end":{"line":22,"column":30}},"type":"binary-expr","locations":[{"start":{"line":22,"column":6},"end":{"line":22,"column":16}},{"start":{"line":22,"column":20},"end":{"line":22,"column":30}}],"line":22},"7":{"loc":{"start":{"line":34,"column":12},"end":{"line":34,"column":46}},"type":"binary-expr","locations":[{"start":{"line":34,"column":12},"end":{"line":34,"column":34}},{"start":{"line":34,"column":42},"end":{"line":34,"column":46}}],"line":34},"8":{"loc":{"start":{"line":35,"column":12},"end":{"line":35,"column":48}},"type":"binary-expr","locations":[{"start":{"line":35,"column":12},"end":{"line":35,"column":34}},{"start":{"line":35,"column":42},"end":{"line":35,"column":48}}],"line":35},"9":{"loc":{"start":{"line":36,"column":12},"end":{"line":36,"column":52}},"type":"binary-expr","locations":[{"start":{"line":36,"column":12},"end":{"line":36,"column":38}},{"start":{"line":36,"column":42},"end":{"line":36,"column":52}}],"line":36},"10":{"loc":{"start":{"line":37,"column":12},"end":{"line":37,"column":53}},"type":"binary-expr","locations":[{"start":{"line":37,"column":12},"end":{"line":37,"column":38}},{"start":{"line":37,"column":42},"end":{"line":37,"column":53}}],"line":37},"11":{"loc":{"start":{"line":51,"column":13},"end":{"line":51,"column":37}},"type":"binary-expr","locations":[{"start":{"line":51,"column":13},"end":{"line":51,"column":29}},{"start":{"line":51,"column":33},"end":{"line":51,"column":37}}],"line":51},"12":{"loc":{"start":{"line":52,"column":0},"end":{"line":56,"column":1}},"type":"if","locations":[{"start":{"line":52,"column":0},"end":{"line":56,"column":1}},{"start":{},"end":{}}],"line":52},"13":{"loc":{"start":{"line":61,"column":0},"end":{"line":63,"column":1}},"type":"if","locations":[{"start":{"line":61,"column":0},"end":{"line":63,"column":1}},{"start":{},"end":{}}],"line":61}},"s":{"0":1,"1":1,"2":1,"3":1,"4":1,"5":1,"6":13,"7":2,"8":11,"9":1,"10":10,"11":1,"12":9,"13":4,"14":5,"15":1,"16":0,"17":1,"18":1,"19":1,"20":1,"21":1,"22":1,"23":0,"24":0,"25":1,"26":1},"f":{"0":13,"1":0,"2":0,"3":0,"4":0,"5":0},"b":{"0":[2,11],"1":[13,12],"2":[1,10],"3":[11,10],"4":[1,9],"5":[4,5],"6":[9,7],"7":[1,1],"8":[1,1],"9":[1,1],"10":[1,1],"11":[1,1],"12":[0,1],"13":[1,0]},"_coverageSchema":"1a1c01bbd47fc00a2c39e90264f33305004495a9","hash":"b069db590776373c0513fcfd2348b63c1f1fa0df"}
}
