TN:
SF:src/server.js
FN:9,validateRating
FN:29,(anonymous_1)
FN:41,(anonymous_2)
FN:44,(anonymous_3)
FN:47,(anonymous_4)
FN:53,(anonymous_5)
FNF:6
FNH:1
FNDA:13,validateRating
FNDA:0,(anonymous_1)
FNDA:0,(anonymous_2)
FNDA:0,(anonymous_3)
FNDA:0,(anonymous_4)
FNDA:0,(anonymous_5)
DA:1,1
DA:2,1
DA:3,1
DA:5,1
DA:6,1
DA:7,1
DA:10,13
DA:11,2
DA:14,11
DA:15,1
DA:18,10
DA:19,1
DA:22,9
DA:23,4
DA:26,5
DA:29,1
DA:30,0
DA:33,1
DA:41,1
DA:44,1
DA:47,1
DA:51,1
DA:52,1
DA:53,0
DA:54,0
DA:61,1
DA:62,1
LF:27
LH:24
BRDA:10,0,0,2
BRDA:10,0,1,11
BRDA:10,1,0,13
BRDA:10,1,1,12
BRDA:14,2,0,1
BRDA:14,2,1,10
BRDA:14,3,0,11
BRDA:14,3,1,10
BRDA:18,4,0,1
BRDA:18,4,1,9
BRDA:22,5,0,4
BRDA:22,5,1,5
BRDA:22,6,0,9
BRDA:22,6,1,7
BRDA:34,7,0,1
BRDA:34,7,1,1
BRDA:35,8,0,1
BRDA:35,8,1,1
BRDA:36,9,0,1
BRDA:36,9,1,1
BRDA:37,10,0,1
BRDA:37,10,1,1
BRDA:51,11,0,1
BRDA:51,11,1,1
BRDA:52,12,0,0
BRDA:52,12,1,1
BRDA:61,13,0,1
BRDA:61,13,1,0
BRF:28
BRH:26
end_of_record
